EV Logger Parsed Log
Generated: Tue Mar  4 00:03:36 2014

02f5,0625,06e3,080e,07a8,07b7,0000,0008,00fe,0040
02f5,0629,06f7,0853,0884,07b3,0000,0008,00fe,0040
02f5,0629,06f7,0853,0884,07b3,0000,0008,00fe,0040
02fc,0635,072b,07c1,083c,0834,0000,0006,00fe,0044
02fc,0635,072b,07c1,083c,0834,0000,0006,00fe,0044
0301,04f8,073b,07d7,087f,0916,0000,0004,0000,0044
0301,04f8,073b,07d7,087f,0916,0000,0004,0000,0044
02f9,05fe,07cc,0842,0883,0802,0000,0004,0000,0044
02f9,05fe,07cc,0842,0883,0802,0000,0006,0000,0042
0301,04eb,074a,0810,07c2,0826,0000,0006,0000,0042
0301,04eb,074a,0810,07c2,0826,0000,0006,0000,0047
02f3,05ef,07aa,07d6,0853,089d,0000,0006,0000,0047
02f3,05ef,07aa,07d6,0853,089d,0000,0006,0000,0047
02f7,0623,0707,071f,0788,0777,0000,0006,0001,0045
02f7,0623,0707,071f,0788,0777,0000,0005,0001,0045
02f0,0610,0695,06e7,0800,075d,0000,0004,0001,0041
02f0,0610,0695,06e7,0800,075d,0000,0004,0001,0041
02ee,060e,0683,06ad,076c,0832,0000,0004,0001,0041
02ee,060e,0683,06ad,076c,0832,0000,0005,00ff,0040
02f1,061a,06aa,0722,076d,086e,0000,0005,00ff,0040
02f1,061a,06aa,0722,076d,086e,0000,0006,0000,0043
02f7,0630,0703,06f2,0821,080c,0000,0006,0000,0043
02f7,0630,0703,06f2,0821,080c,0000,0006,0000,0043
02fd,063f,074f,07f1,08b7,087d,0000,0005,0002,0045
02fd,063f,074f,07f1,08b7,087d,0000,0005,0002,0045
0301,04fb,075f,084e,08ae,086e,0000,0006,00ff,0041
0301,04fb,075f,084e,08ae,086e,0000,0006,00ff,0041
02ff,0612,06c8,07df,08bf,08c6,0000,0007,00ff,0041
02ff,0612,06c8,07df,08bf,08c6,0000,003a,003a,003a
02fe,0633,0716,0755,084d,08a8,0000,0007,00ff,003f
02fe,0633,0716,0755,084d,08a8,0000,0006,0002,0043
02f9,0634,071b,074b,081f,080f,0000,0006,0002,0043
02f9,0634,071b,074b,081f,080f,0000,0006,0002,0043
02f4,061f,06de,07df,0883,07c7,0000,0006,0001,0044
02f4,061f,06de,07df,0883,07c7,0000,0005,0001,0044
02ee,0611,06a0,0735,07d2,083d,0000,0006,00ff,0042
02ee,0611,06a0,0735,07d2,083d,0000,0006,00ff,0042
02ed,060d,067e,07f3,08b0,085f,0000,0006,00ff,0042
02ed,060d,067e,07f3,08b0,085f,0000,0007,0000,0040
02f1,061a,06b0,0778,089b,0823,0000,0007,0000,0040
02f1,061a,06b0,0778,089b,0823,0000,0007,0000,0040
02f6,0626,06de,07f2,08cf,08c6,0000,0007,0000,0041
02f6,0626,06de,07f2,08cf,08c6,0000,0007,0000,0041
02fc,0635,0725,0791,07b0,080b,0000,0008,00ff,0042
02fc,0635,0725,0791,07b0,080b,0000,0008,00ff,0042
0301,04f8,073a,07bc,0802,0790,0000,0006,00ff,0042
0301,04f8,073a,07bc,0802,0790,0000,0006,00ff,0044
02f9,05ff,07d5,085c,08a8,0829,0000,0006,00ff,0044
02f9,05ff,07d5,085c,08a8,0829,0000,0005,00ff,0046
0302,04ee,0751,0833,0855,089c,0000,0005,00ff,0046
0302,04ee,0751,0833,0855,089c,0000,0007,0000,0046
02f3,05ef,07ac,07e2,0893,081b,0000,0007,0000,0041
02f3,05ef,07ac,07e2,0893,081b,0000,0007,0000,0041
02f8,061c,06e4,0808,07aa,07d4,0000,0006,0000,003f
02f8,061c,06e4,0808,07aa,07d4,0000,0006,0000,003f
02f0,060e,0691,0706,0705,0711,0000,0006,0000,003f
02f0,060e,0691,0706,0705,0711,0000,0006,0000,0043
02ed,060c,066f,07cb,080f,0786,0000,0006,0000,0043
02ed,060c,066f,07cb,080f,0786,0000,0007,0000,0045
02f1,061a,06af,0779,0884,07a0,0000,0007,0000,0045
02f1,061a,06af,0779,0884,07a0,0000,0007,0000,0045
02f6,0627,06e8,080c,07bf,0807,0000,0007,0000,0041
02f6,0627,06e8,080c,07bf,0807,0000,0007,0000,0041
02fb,063d,0741,07ef,08a3,0838,0000,0006,00ff,0041
02fb,063d,0741,07ef,08a3,0838,0000,0006,00ff,0041
0301,04fa,074e,081b,0805,079d,0000,0006,00ff,0041
0301,04fa,074e,081b,0805,079d,0000,0006,0000,0043
02fa,05ff,07d6,086a,08d3,08be,0000,0006,0000,0043
02fa,05ff,07d6,086a,08d3,08be,0000,0007,0000,0043
0302,04ed,074f,0837,086f,0905,0000,0007,0000,0043
0302,04ed,074f,0837,086f,0905,0000,0007,0000,0043
02f4,05e6,078d,077c,089d,0850,0000,0007,00ff,0042
02f4,05e6,078d,077c,089d,0850,0000,0007,00ff,0042
02f9,0623,06ff,0844,087b,090b,0000,0007,00ff,0041
02f9,0623,06ff,0844,087b,090b,0000,0007,00ff,0041
02f0,060f,06a4,0753,0839,0871,0000,0007,00ff,0041
02f0,060f,06a4,0753,0839,0871,0000,0007,0000,0041
02ed,060d,067d,07fa,08c7,08bd,0000,0007,0000,0041
02ed,060d,067d,07fa,08c7,08bd,0000,0007,0000,0042
02f0,0611,0691,0711,076a,087a,0000,0007,0000,0042
02f0,0611,0691,0711,076a,087a,0000,0006,0000,0042
02f5,0623,06cf,07b2,07d8,087f,0000,0006,0000,0041
02f5,0623,06cf,07b2,07d8,087f,0000,0006,0000,0041
02fa,0634,071a,075c,082b,0835,0000,0006,0000,0042
02fa,0634,071a,075c,082b,0835,0000,0006,0000,0042
0300,04ef,0730,0798,079f,07c5,0000,0006,0000,0042
0300,04ef,0730,0798,079f,07c5,0000,0006,0001,0043
02fb,0605,068c,06e2,07fd,08bf,0000,0006,0001,0043
02fb,0605,068c,06e2,07fd,08bf,0000,0006,0000,0043
0301,04e9,0700,06dc,0807,07c7,0000,0006,0000,0043
0301,04e9,0700,06dc,0807,07c7,0000,0006,0000,0043
02f4,05e8,077f,0861,08bb,087a,0000,0006,0000,0042
02f4,05e8,077f,0861,08bb,087a,0000,0006,0000,0042
02fa,0626,0710,0750,0834,083b,0000,0006,0000,0042
02fa,0626,0710,0750,0834,083b,0000,0006,0000,0042
02f0,060f,069b,070d,073f,07ec,0000,0006,0000,0042
02f0,060f,069b,070d,073f,07ec,0000,0006,00ff,0043
02ed,060e,0681,069f,0719,075f,0000,0006,00ff,0043
02ed,060e,0681,069f,0719,075f,0000,0006,00ff,0042
02f0,0611,068a,06af,074a,07e4,0000,0006,00ff,0042
02f0,0611,068a,06af,074a,07e4,0000,0006,00ff,0042
02f5,0624,06d0,07a0,0792,0780,0000,0007,00ff,0042
02f5,0624,06d0,07a0,0792,0780,0000,0007,00ff,0042
02f9,0634,071a,0755,080e,0798,0000,0007,00ff,0042
02f9,0634,071a,0755,080e,0798,0000,0007,00ff,0042
0300,04ee,0729,0784,0757,081b,0000,0007,00ff,0042
0300,04ee,0729,0784,0757,081b,0000,0007,00ff,0042
02fa,05ff,07d0,0838,0823,080a,0000,0007,00ff,0042
02fa,05ff,07d0,0838,0823,080a,0000,0007,00ff,0042
0302,04ed,074f,0829,0810,07b5,0000,0007,00ff,0042
0302,04ed,074f,0829,0810,07b5,0000,0007,00ff,0042
02f4,05e6,078f,0786,0756,0814,0000,0006,0000,0042
02f4,05e6,078f,0786,0756,0814,0000,0006,0000,0042
02fa,0624,06fa,0831,0808,079c,0000,0006,0000,0043
02fa,0624,06fa,0831,0808,079c,0000,0006,0000,0043
02f0,0610,069d,073f,07da,084e,0000,0006,0000,0043
02f0,0610,069d,073f,07da,084e,0000,0006,0000,0043
02ed,060c,0674,07de,0873,08f7,0000,0006,0000,0043
02ed,060c,0674,07de,0873,08f7,0000,0006,0000,0042
02ef,061a,06ad,076e,087f,0937,0000,0006,0000,0042
02ef,061a,06ad,076e,087f,0937,0000,0006,0000,0042
02f6,0626,06dd,07ef,08ca,08ee,0000,0008,0001,0042
02f6,0626,06dd,07ef,08ca,08ee,0000,0008,0001,0042
02f9,0633,0720,0777,08ac,0879,0000,0008,0000,0042
02f9,0633,0720,0777,08ac,0879,0000,0008,0000,0042
0300,04ee,0728,077e,08b8,088b,0000,0008,0000,0042
0300,04ee,0728,077e,08b8,088b,0000,0006,00ff,0042
02fa,05ff,07d0,083c,0874,0903,0000,0006,00ff,0042
02fa,05ff,07d0,083c,0874,0903,0000,0007,00ff,0042
0302,04ed,074e,081c,07f6,08ec,0000,0007,00ff,0042
0302,04ed,074e,081c,07f6,08ec,0000,0007,00ff,0042
02f5,05ee,07a1,07b1,07eb,08b3,0000,0008,00ff,0041
02f5,05ee,07a1,07b1,07eb,08b3,0000,0008,00ff,0041
02f8,061d,06ee,081f,07ce,0871,0000,0009,00ff,0042
02f8,061d,06ee,081f,07ce,0871,0000,0009,00ff,0042
02f1,0617,06bc,07a0,0797,07ae,0000,0009,00ff,0042
02f1,0617,06bc,07a0,0797,07ae,0000,0008,0000,0042
02ee,060f,068f,06f5,0820,07d4,0000,0008,0000,0042
02ee,060f,068f,06f5,0820,07d4,0000,0007,0000,0042
02ef,0618,069f,0716,075d,082a,0000,0007,0000,0042
02ef,0618,069f,0716,075d,082a,0000,0007,0000,0042
02f6,0628,06e0,07d8,0848,0878,0000,0007,0000,0042
02f6,0628,06e0,07d8,0848,0878,0000,0007,0000,0042
02f8,062a,06ff,0861,08ca,08c7,0000,0006,0000,0043
02f8,062a,06ff,0861,08ca,08c7,0000,0006,0000,0043
02ff,0649,0770,088b,080d,07d7,0000,0006,0000,0043
02ff,0649,0770,088b,080d,07d7,0000,0006,00ff,0042
0302,04fe,075d,0858,0899,080a,0000,0006,00ff,0042
0302,04fe,075d,0858,0899,080a,0000,0007,00ff,0043
02f8,05f6,07bf,083e,0870,08db,0000,0007,00ff,0043
02f8,05f6,07bf,083e,0870,08db,0000,0007,00ff,0043
02fd,0631,073b,07e7,08af,0887,0000,0005,00ff,0043
02fd,0631,073b,07e7,08af,0887,0000,0005,00ff,0043
02f9,0632,0722,077d,08af,0873,0000,0006,00ff,0041
02f9,0632,0722,077d,08af,0873,0000,0006,00ff,0041
02ef,061b,06cf,07cf,088a,0801,0000,0006,00ff,0041
02ef,061b,06cf,07cf,088a,0801,0000,0007,0000,0041
02ed,060f,0696,070d,074a,07fc,0000,0007,0000,0041
02ed,060f,0696,070d,074a,07fc,0000,0006,0000,0043
02ed,060d,067c,07de,0855,0896,0000,0006,0000,0043
02ed,060d,067c,07de,0855,0896,0000,0006,0000,0043
02f5,0626,06df,0813,07d6,087b,0000,0006,0000,0042
02f5,0626,06df,0813,07d6,087b,0000,0006,0000,0042
02f7,0632,0714,074f,080f,07d4,0000,0007,0000,0042
02f7,0632,0714,074f,080f,07d4,0000,0007,0000,0042
02ff,064a,076d,0851,0894,07f4,0000,0007,0000,0042
02ff,064a,076d,0851,0894,07f4,0000,0008,0000,0043
0302,04ff,076e,0882,07db,0870,0000,0008,0000,0043
0302,04ff,076e,0882,07db,0870,0000,0007,0001,0043
02f9,05fe,07d5,087c,08f8,0944,0000,0007,0001,0043
02f9,05fe,07d5,087c,08f8,0944,0000,0007,0001,0043
02fe,0633,074d,0830,0850,08c1,0000,0006,0001,0043
02fe,0633,074d,0830,0850,08c1,0000,0006,0001,0043
02fa,0634,0726,0793,0796,07b8,0000,0005,00ff,0043
02fa,0634,0726,0793,0796,07b8,0000,0005,00ff,0043
02ef,061b,06cb,07b8,07df,086c,0000,0005,00ff,0043
02ef,061b,06cb,07b8,07df,086c,0000,0006,00ff,0042
02ed,060f,0699,071d,0767,086a,0000,0006,00ff,0042
02ed,060f,0699,071d,0767,086a,0000,0006,0000,0042
02ed,060e,067f,07f7,08a0,0837,0000,0006,0000,0042
02ed,060e,067f,07f7,08a0,0837,0000,0006,0000,0042
02f4,061d,06c0,07b2,080a,07a7,0000,0006,0000,0042
02f4,061d,06c0,07b2,080a,07a7,0000,0006,0000,0042
02f7,0630,0700,06f9,084a,0863,0000,0007,00ff,0043
02f7,0630,0700,06f9,084a,0863,0000,0007,00ff,0043
02ff,0649,0768,0830,083d,0866,0000,0007,00ff,0043
02ff,0649,0768,0830,083d,0866,0000,0007,00ff,0042
0301,04fd,0763,085d,08bf,08ab,0000,0007,00ff,0042
0301,04fd,0763,085d,08bf,08ab,0000,0007,00ff,0043
02f8,05f6,07c3,084b,08a9,0868,0000,0007,00ff,0043
02f8,05f6,07c3,084b,08a9,0868,0000,0007,00ff,0043
02fe,0631,073c,07e2,089f,0839,0000,0007,00ff,0043
02fe,0631,073c,07e2,089f,0839,0000,0007,00ff,0043
02f9,0631,0720,0770,0887,07da,0000,0007,0000,0044
02f9,0631,0720,0770,0887,07da,0000,0007,0000,0044
02f1,061e,06d2,07c5,0845,0857,0000,0007,0000,0044
02f1,061e,06d2,07c5,0845,0857,0000,0007,0000,0043
02ee,0610,0693,070a,0739,07d9,0000,0007,0000,0043
02ee,0610,0693,070a,0739,07d9,0000,0007,0000,0043
02ed,060d,067b,07e5,0862,08b1,0000,0007,0000,0043
02ed,060d,067b,07e5,0862,08b1,0000,0007,0000,0043
02f4,061d,06c0,07b0,07fa,08dd,0000,0006,0000,0044
02f4,061d,06c0,07b0,07fa,08dd,0000,0006,0000,0044
02f7,0630,0700,06f9,084d,08b0,0000,0006,0001,0043
02f7,0630,0700,06f9,084d,08b0,0000,0006,0001,0043
02ff,0649,0768,082e,0834,0855,0000,0006,0001,0043
02ff,0649,0768,082e,0834,0855,0000,0007,0001,0042
0301,04fd,0763,085c,08b1,0875,0000,0007,0001,0042
0301,04fd,0763,085c,08b1,0875,0000,0006,0000,0042
02f9,05fe,07d6,087e,092a,0896,0000,0006,0000,0042
02f9,05fe,07d6,087e,092a,0896,0000,0006,0000,0042
02fe,0633,074d,082c,084a,088e,0000,0006,00ff,0041
02fe,0633,074d,082c,084a,088e,0000,0006,00ff,0041
02f9,0631,0722,0784,075a,084c,0000,0006,00ff,0042
02f9,0631,0722,0784,075a,084c,0000,0006,00ff,0042
02f1,061d,06cf,07c1,07ff,08df,0000,0006,00ff,0042
02f1,061d,06cf,07c1,07ff,08df,0000,0007,0000,0042
02ed,0610,0694,0708,071d,079b,0000,0007,0000,0042
02ed,0610,0694,0708,071d,079b,0000,0007,0000,0042
02ed,060d,067a,07dd,0841,0849,0000,0007,0000,0042
02ed,060d,067a,07dd,0841,0849,0000,0007,0000,0042
02f3,0626,06de,080b,07b4,07fd,0000,0006,00ff,0043
02f3,0626,06de,080b,07b4,07fd,0000,0006,00ff,0043
02f8,0629,06f6,0848,085c,08a6,0000,0006,0000,0043
02f8,0629,06f6,0848,085c,08a6,0000,0006,0000,0043
02fe,0640,074b,082a,0825,0823,0000,0006,0000,0043
02fe,0640,074b,082a,0825,0823,0000,0007,0000,0043
0300,04f1,073a,07de,087e,090c,0000,0007,0000,0043
0300,04f1,073a,07de,087e,090c,0000,0007,0000,0042
02fa,05fd,07c8,083b,0870,0915,0000,0008,0000,0042
02fa,05fd,07c8,083b,0870,0915,0000,0008,0000,0042
02ff,063c,075f,0852,08a5,0871,0000,0006,0000,0042
02ff,063c,075f,0852,08a5,0871,0000,0006,0000,0042
02f9,0633,0735,07d4,086e,08ed,0000,0006,00ff,0043
02f9,0633,0735,07d4,086e,08ed,0000,0006,00ff,0043
02f1,061e,06d6,07e5,08a0,084a,0000,0006,00ff,0043
02f1,061e,06d6,07e5,08a0,084a,0000,0006,00ff,0043
02ed,060f,0698,0719,0777,0888,0000,0006,00ff,0043
02ed,060f,0698,0719,0777,0888,0000,0006,00ff,0040
02ed,060d,067b,07ea,087f,0925,0000,0006,00ff,0040
02ed,060d,067b,07ea,087f,0925,0000,0006,00ff,0040
02f2,061c,06b6,0790,078f,07b7,0000,0007,00ff,003f
02f2,061c,06b6,0790,078f,07b7,0000,0007,00ff,003f
02f7,0630,06fd,083f,083f,0850,0000,0007,00ff,0044
02f7,0630,06fd,083f,083f,0850,0000,0007,00ff,0044
02fe,0641,0758,0843,0878,0900,0000,0007,00ff,0044
02fe,0641,0758,0843,0878,0900,0000,0006,0000,0045
0300,04f0,0735,07d8,0880,07eb,0000,0006,0000,0045
0300,04f0,0735,07d8,0880,07eb,0000,0005,0001,0040
02fa,05ff,07d0,084b,0897,0809,0000,0005,0001,0040
02fa,05ff,07d0,084b,0897,0809,0000,0005,0001,0040
0300,04e0,0722,078e,0790,0777,0000,0005,0001,0040
0300,04e0,0722,078e,0790,0777,0000,0005,0001,0040
02f2,05e3,077e,0878,08d9,08c0,0000,0006,00fe,0043
02f2,05e3,077e,0878,08d9,08c0,0000,0006,00fe,0043
02f6,061b,06eb,084b,08a9,0860,0000,0006,00fe,0043
02f6,061b,06eb,084b,08a9,0860,0000,0006,0000,0043
02f0,060d,068f,0715,076b,086d,0000,0006,0000,0043
02f0,060d,068f,0715,076b,086d,0000,0006,0004,0041
02ee,060d,0677,07e0,085c,08ba,0000,0006,0004,0041
02ee,060d,0677,07e0,085c,08ba,0000,0006,0004,0041
02f0,0612,0694,0713,0760,085e,0000,0007,0001,0040
02f0,0612,0694,0713,0760,085e,0000,0007,0001,0040
02f7,062e,06f2,080e,0793,07a5,0000,0008,00ff,0043
02f7,062e,06f2,080e,0793,07a5,0000,0008,00ff,0043
02fe,0640,074c,080f,079c,0796,0000,0008,00ff,0043
02fe,0640,074c,080f,079c,0796,0000,0005,0000,0046
0300,04f1,073b,07e4,086f,08d1,0000,0005,0000,0046
0300,04f1,073b,07e4,086f,08d1,0000,0005,00ff,0046
02fa,05ff,07d5,086a,08f3,0953,0000,0005,00ff,0046
02fa,05ff,07d5,086a,08f3,0953,0000,0005,00ff,0046
0300,04e1,072d,07bf,0853,08da,0000,000a,00fe,0043
0300,04e1,072d,07bf,0853,08da,0000,000a,00fe,0043
02f2,05e3,0781,0739,07dd,08a0,0000,000c,00ff,0042
02f2,05e3,0781,0739,07dd,08a0,0000,000c,00ff,0042
02f6,061a,06d7,07cc,0837,085f,0000,000c,00ff,0042
02f6,061a,06d7,07cc,0837,085f,0000,000c,00ff,0044
02f0,060e,0694,0706,0720,0783,0000,0009,00ff,0044
02f0,060e,0694,0706,0720,0783,0000,0002,0001,0044
02ee,060d,067a,07dc,083b,0833,0000,0002,0001,0044
02ee,060d,067a,07dc,083b,0833,0000,0002,0001,0044
02f1,061a,06b2,0781,0753,0828,0000,0002,0004,0045
02f1,061a,06b2,0781,0753,0828,0000,0002,0004,0045
02f8,0628,06e1,07f7,089f,0834,0000,0005,0003,0045
02f8,0628,06e1,07f7,089f,0834,0000,0005,0003,0045
02fc,0635,0728,079d,07c9,0845,0000,0005,0003,0045
02fc,0635,0728,079d,07c9,0845,0000,0007,0001,0047
02ff,0649,076f,0863,08c1,08a9,0000,0007,0001,0047
02ff,0649,076f,0863,08c1,08a9,0000,0005,00fe,0047
0301,04fc,075c,0852,08b7,089a,0000,0005,00fe,0047
0301,04fc,075c,0852,08b7,089a,0000,0005,00fe,0047
02f6,05f5,07bc,0822,0817,07f2,0000,0003,00fe,0044
02f6,05f5,07bc,0822,0817,07f2,0000,0003,00fe,0044
02fa,0626,070f,0742,07e8,0886,0000,0006,0001,0041
02fa,0626,070f,0742,07e8,0886,0000,0006,0001,0041
02f4,061c,06c4,0792,0780,075b,0000,0006,0001,0041
02f4,061c,06c4,0792,0780,075b,0000,000a,0002,0041
02ee,060f,0695,06fe,082d,07f6,0000,000a,0002,0041
02ee,060f,0695,06fe,082d,07f6,0000,000b,0000,0043
02ee,060f,068b,06d1,07ec,088b,0000,000b,0000,0043
02ee,060f,068b,06d1,07ec,088b,0000,000b,0000,0043
02f1,0618,069f,0709,072e,07c3,0000,0006,0001,0042
02f1,0618,069f,0709,072e,07c3,0000,0006,0001,0042
02f8,0628,06e2,07de,084f,0885,0000,0005,0002,0042
02f8,0628,06e2,07de,084f,0885,0000,0005,0002,0042
02fc,0635,072b,07ac,07ed,08ba,0000,0005,0002,0042
02fc,0635,072b,07ac,07ed,08ba,0000,0007,00ff,0043
0300,04ed,0729,078e,0778,08a8,0000,0007,00ff,0043
0300,04ed,0729,078e,0778,08a8,0000,0005,00ff,0043
02fa,05fe,07c6,0821,07db,08a0,0000,0005,00ff,0043
02fa,05fe,07c6,0821,07db,08a0,0000,0005,00ff,0043
0302,04ed,074c,080f,07ad,0807,0000,0004,0001,0042
0302,04ed,074c,080f,07ad,0807,0000,0004,0001,0042
02f2,05e6,078d,0773,0861,08ba,0000,0007,0000,0044
02f2,05e6,078d,0773,0861,08ba,0000,0007,0000,0044
02f7,0624,06f9,0836,084b,08a0,0000,0007,0000,0044
02f7,0624,06f9,0836,084b,08a0,0000,0009,00ff,0044
02f1,0619,06c1,07b9,080e,07c9,0000,0009,00ff,0044
02f1,0619,06c1,07b9,080e,07c9,0000,0007,0000,0042
02ee,060f,0691,06fd,084c,0866,0000,0007,0000,0042
02ee,060f,0691,06fd,084c,0866,0000,0007,0000,0042
02f0,0610,0682,06ab,077f,08a3,0000,0006,0001,0041
02f0,0610,0682,06ab,077f,08a3,0000,0006,0001,0041
02f7,0630,06f5,0803,077f,08bd,0000,0005,0002,0041
02f7,0630,06f5,0803,077f,08bd,0000,0005,0002,0041
02fc,0637,0739,07d3,0846,089a,0000,0005,0002,0041
02fc,0637,0739,07d3,0846,089a,0000,0002,0000,0042
0300,04ef,0738,07ca,084e,08a6,0000,0002,0000,0042
0300,04ef,0738,07ca,084e,08a6,0000,0002,0000,0044
02fa,05ff,07d2,0855,08ad,0879,0000,0004,0000,0044
02fa,05ff,07d2,0855,08ad,0879,0000,0004,0000,0044
0301,04e9,0741,07f4,08ce,08b4,0000,0005,0001,0043
0301,04e9,0741,07f4,08ce,08b4,0000,0005,0001,0043
02f3,05ee,07a1,07c3,083f,087b,0000,0005,0000,0043
02f3,05ee,07a1,07c3,083f,087b,0000,0005,0000,0043
02f7,0626,0709,0718,077b,08bb,0000,0005,0000,0043
02f7,0626,0709,0718,077b,08bb,0000,0007,0000,0044
02f0,0611,069e,0702,06f5,0867,0000,0007,0000,0044
02f0,0611,069e,0702,06f5,0867,0000,0009,0000,0042
02ed,060d,0682,06a1,070c,074b,0000,0009,0000,0042
02ed,060d,0682,06a1,070c,074b,0000,0009,0000,0042
02f0,0610,0681,0692,06d7,07d3,0000,000a,00ff,0042
02f0,0610,0681,0692,06d7,07d3,0000,000a,00ff,0042
02f7,0630,06f8,0803,075d,0838,0000,0009,00ff,0041
02f7,0630,06f8,0803,075d,0838,0000,0009,00ff,0041
02fb,0640,074f,0821,07d2,0866,0000,0009,00ff,0041
02fb,0640,074f,0821,07d2,0866,0000,0006,00fe,003e
0300,04f0,0736,07d4,0850,089e,0000,0006,00fe,003e
0300,04f0,0736,07d4,0850,089e,0000,0005,00fe,003f
02f9,05fe,07c9,0842,0874,0909,0000,0005,00fe,003f
02f9,05fe,07c9,0842,0874,0909,0000,0005,00fe,003f
0302,04ed,074b,081e,07ff,0909,0000,0006,0001,0044
0302,04ed,074b,081e,07ff,0909,0000,0006,0001,0044
02f3,05ef,07ab,07e3,0887,080e,0000,0007,0002,0047
02f3,05ef,07ab,07e3,0887,080e,0000,0007,0002,0047
02f8,061b,06eb,0828,0812,07ba,0000,0007,0002,0047
02f8,061b,06eb,0828,0812,07ba,0000,0006,0000,0042
02f1,0618,06b3,0789,075d,0824,0000,0006,0000,0042
02f1,0618,06b3,0789,075d,0824,0000,0006,00ff,0040
02ee,060f,068d,06e5,07f6,08b8,0000,0006,00ff,0040
02ee,060f,068d,06e5,07f6,08b8,0000,0006,00ff,0040
02ef,0619,06a8,0729,079c,07c4,0000,0007,0000,0047
02ef,0619,06a8,0729,079c,07c4,0000,0007,0000,0047
02f6,0628,06e3,07ef,0894,07ee,0000,0007,0001,0046
02f6,0628,06e3,07ef,0894,07ee,0000,0007,0001,0046
02fa,0634,0720,077c,08a4,0826,0000,0007,0001,0046
02fa,0634,0720,077c,08a4,0826,0000,0007,0001,003f
0300,04ee,0728,0781,0773,087f,0000,0007,0001,003f
0300,04ee,0728,0781,0773,087f,0000,0007,0001,0043
02f9,05fd,07c5,0819,07c6,0854,0000,0007,0001,0043
02f9,05fd,07c5,0819,07c6,0854,0000,0007,0001,0043
0303,04f8,0760,0844,0854,08a6,0000,0007,0001,0044
0303,04f8,0760,0844,0854,08a6,0000,0007,0001,0044
02f3,05f0,07ab,07f1,08ba,089c,0000,0008,00fc,0037
02f3,05f0,07ab,07f1,08ba,089c,0000,0008,00fc,0037
02f8,061b,06eb,082c,0832,0843,0000,0008,00fc,0037
02f8,061b,06eb,082c,0832,0843,0000,0008,0000,0040
02f1,0619,06bb,07a4,07bb,081a,0000,0005,0000,0040
02f1,0619,06bb,07a4,07bb,081a,0000,0006,0002,0041
02ee,060e,0686,06d0,07c4,0828,0000,0006,0002,0041
02ee,060e,0686,06d0,07c4,0828,0000,0006,0002,0041
02ef,0618,069c,06f8,0838,083f,0000,0007,00fd,003f
02ef,0618,069c,06f8,0838,083f,0000,0007,00fd,003f
02f6,0628,06e1,07e3,089b,0824,0000,0004,0001,004b
02f6,0628,06e1,07e3,089b,0824,0000,0004,0001,004b
02fa,0634,071e,0773,089a,0813,0000,0004,0001,004b
02fa,0634,071e,0773,089a,0813,0000,0004,0001,0042
0300,04ee,0728,077e,08b6,0873,0000,0007,0001,0042
0300,04ee,0728,077e,08b6,0873,0000,0007,0000,0042
02f9,05fd,07c7,082c,0840,086b,0000,0007,0000,0042
02f9,05fd,07c7,082c,0840,086b,0000,0007,0000,0042
0303,04f8,075f,084d,0890,0801,0000,0006,0001,0044
0303,04f8,075f,084d,0890,0801,0000,0006,0001,0044
02f4,05e7,079e,07bc,0823,07f8,0000,0007,0001,0044
02f4,05e7,079e,07bc,0823,07f8,0000,0007,0001,0042
02f8,061a,06de,07f5,08bc,0879,0000,0007,0001,0042
02f8,061a,06de,07f5,08bc,0879,0000,0007,0000,0044
02f1,0618,06b2,077e,08b1,086c,0000,0007,0000,0044
02f1,0618,06b2,077e,08b1,086c,0000,0006,00ff,0044
02ed,060d,0682,06be,07c6,083c,0000,0006,00ff,0043
02ed,060d,0682,06be,07c6,083c,0000,0006,00ff,0043
02f0,0610,067e,07db,086e,08e4,0000,0007,0000,0042
02f0,0610,067e,07db,086e,08e4,0000,0007,0000,0042
02f5,0626,06e0,0806,07ab,080a,0000,0007,0000,0042
02f5,0626,06e0,0806,07ab,080a,0000,0007,0000,0042
02fa,0632,0714,074a,07ee,08a6,0000,0007,0000,0042
02fa,0632,0714,074a,07ee,08a6,0000,0007,00ff,0042
0300,04ee,0726,0777,088c,0805,0000,0007,00ff,0042
0300,04ee,0726,0777,088c,0805,0000,0006,00ff,0042
02fa,05fe,07c8,0825,081b,07e4,0000,0006,00ff,0042
02fa,05fe,07c8,0825,081b,07e4,0000,0006,00ff,0042
0303,04f8,075f,084c,087f,0905,0000,0006,0000,0042
0303,04f8,075f,084c,087f,0905,0000,0006,0000,0042
02f5,05f0,07ac,07ec,08b7,08aa,0000,0007,0000,0042
02f5,05f0,07ac,07ec,08b7,08aa,0000,0007,0000,0042
02f9,0624,0700,0700,0726,07ab,0000,0007,0000,0042
02f9,0624,0700,0700,0726,07ab,0000,0006,00ff,0043
02f1,0619,06b6,074e,07df,086d,0000,0006,00ff,0043
02f1,0619,06b6,074e,07df,086d,0000,0006,00ff,0043
02ee,060f,0697,0707,0721,078f,0000,0006,0000,0043
02ee,060f,0697,0707,0721,078f,0000,0006,0000,0043
02ef,0617,06a6,0720,0743,07df,0000,0006,00ff,0043
02ef,0617,06a6,0720,0743,07df,0000,0006,00ff,0043